INFO:root:Deck cards: 47
INFO:root:|2 of Hearts| |
INFO:root:|5 of Hearts| |
INFO:root:|7 of Hearts| |
INFO:root:|9 of Hearts| |
INFO:root:|10 of Hearts| |
INFO:root:|Jack of Hearts| |
INFO:root:|Queen of Hearts| |
INFO:root:|King of Hearts| |
INFO:root:|Ace of Hearts| |
INFO:root:|2 of Clubs| |
INFO:root:|4 of Clubs| |
INFO:root:|5 of Clubs| |
INFO:root:|6 of Clubs| |
INFO:root:|7 of Clubs| |
INFO:root:|8 of Clubs| |
INFO:root:|9 of Clubs| |
INFO:root:|10 of Clubs| |
INFO:root:|Jack of Clubs| |
INFO:root:|Queen of Clubs| |
INFO:root:|King of Clubs| |
INFO:root:|Ace of Clubs| |
INFO:root:|2 of Diamonds| |
INFO:root:|3 of Diamonds| |
INFO:root:|4 of Diamonds| |
INFO:root:|5 of Diamonds| |
INFO:root:|6 of Diamonds| |
INFO:root:|7 of Diamonds| |
INFO:root:|8 of Diamonds| |
INFO:root:|9 of Diamonds| |
INFO:root:|10 of Diamonds| |
INFO:root:|Jack of Diamonds| |
INFO:root:|Queen of Diamonds| |
INFO:root:|King of Diamonds| |
INFO:root:|Ace of Diamonds| |
INFO:root:|2 of Spades| |
INFO:root:|3 of Spades| |
INFO:root:|4 of Spades| |
INFO:root:|5 of Spades| |
INFO:root:|6 of Spades| |
INFO:root:|7 of Spades| |
INFO:root:|8 of Spades| |
INFO:root:|9 of Spades| |
INFO:root:|10 of Spades| |
INFO:root:|Jack of Spades| |
INFO:root:|Queen of Spades| |
INFO:root:|King of Spades| |
INFO:root:|Ace of Spades| |
INFO:root:Hearts: 9, Clubs: 12, Diamonds: 13, Spades: 13
INFO:root:********************
